<?xml version="1.0" encoding="utf-8"?><testsuites name="pytest tests"><testsuite name="pytest" errors="0" failures="0" skipped="0" tests="5" time="5.402" timestamp="2026-03-13T14:55:41.163484+00:00" hostname="agent-env-a18cd6dc-6cec-41f3-85bb-e3bd3c1afe39"><testcase classname="backend.tests.test_auth_personalization_contract" name="test_auth_register_mobile_contract_returns_user_and_session_token" time="1.952" /><testcase classname="backend.tests.test_auth_personalization_contract" name="test_auth_me_with_bearer_token_returns_same_user_identity" time="1.140" /><testcase classname="backend.tests.test_auth_personalization_contract" name="test_auth_me_requires_bearer_token" time="0.234" /><testcase classname="backend.tests.test_auth_personalization_contract" name="test_recommendations_female_do_not_return_male_variant_plans" time="0.979" /><testcase classname="backend.tests.test_auth_personalization_contract" name="test_plans_after_male_onboarding_do_not_return_female_variant" time="1.013" /></testsuite></testsuites>